GET / 200 2925 - 3.302 ms
GET /favicon.ico 404 150 - 1.838 ms
GET /leaderboard 200 3299 - 5.400 ms
GET /players 200 2205 - 2.547 ms
POST /players/start 302 47 - 5.404 ms
GET /123run?playerId=8 200 8996 - 3.065 ms
GET / 304 - - 1.664 ms
GET /players 200 2359 - 2.158 ms
GET /players/8 200 1653 - 4.058 ms
GET /players 304 - - 1.843 ms
GET /players 304 - - 2.290 ms
GET / 304 - - 1.119 ms
POST /players/start 302 51 - 3.116 ms
GET /catsweeper?playerId=9 200 731 - 1.257 ms
GET /players 200 2508 - 1.757 ms
GET / 304 - - 0.913 ms
GET /players 304 - - 1.419 ms
GET /players/8 304 - - 2.409 ms
GET /players 304 - - 1.306 ms
GET /players/9 200 1648 - 2.148 ms
GET /players 304 - - 1.384 ms
GET /players/7 200 1655 - 1.931 ms
GET /players 304 - - 1.011 ms
GET /players/8 304 - - 1.822 ms
GET /players 304 - - 1.417 ms
GET /players/5 200 1654 - 1.992 ms
GET /players 304 - - 1.335 ms
GET /players 304 - - 1.242 ms
GET / 304 - - 1.307 ms
POST /players/start 302 48 - 3.766 ms
GET /123run?playerId=10 200 8998 - 2.543 ms
GET / 304 - - 1.514 ms
GET /players 200 2669 - 1.349 ms
GET /players/10 200 1659 - 2.092 ms
GET /players 304 - - 1.134 ms
GET /players 304 - - 1.543 ms
GET /players/1 200 1656 - 2.919 ms
GET /players 304 - - 1.239 ms
POST /players/start 500 23 - 2.629 ms
POST /players/start 500 23 - 1.948 ms
POST /players/start 500 23 - 1.701 ms
POST /players/start 302 48 - 2.406 ms
GET /123run?playerId=11 200 8999 - 1.604 ms
GET / 304 - - 2.667 ms
POST /players/start 302 48 - 4.996 ms
GET /123run?playerId=12 200 9117 - 2.591 ms
GET /123run?playerId=12 200 9117 - 3.326 ms
GET /123run?playerId=12 200 9003 - 2.388 ms
GET /123run?playerId=12 304 - - 2.664 ms
GET / 304 - - 0.764 ms
GET /players 200 2990 - 2.231 ms
GET /players/12 200 1664 - 3.968 ms
GET /players 304 - - 1.798 ms
GET /players/11 200 1653 - 3.798 ms
GET /players 304 - - 1.401 ms
GET /players/12 304 - - 1.855 ms
GET /results 404 146 - 1.268 ms
GET /result 404 145 - 0.633 ms
GET /players/12 200 1664 - 6.060 ms
GET /players/12 200 1664 - 3.882 ms
GET /123run?playerId=12 200 9002 - 3.137 ms
GET /123run?playerId=12 304 - - 2.466 ms
GET / 304 - - 0.867 ms
GET /players 304 - - 2.050 ms
GET /players/12 304 - - 2.186 ms
GET /players 304 - - 1.963 ms
GET /players/12 304 - - 3.243 ms
GET /players/12 200 1664 - 7.071 ms
GET /players/12 200 1664 - 4.344 ms
GET /players/12 200 1664 - 2.601 ms
GET /123run?playerId=12 304 - - 3.090 ms
GET / 304 - - 0.975 ms
GET /players 304 - - 1.129 ms
GET /players/12 304 - - 2.254 ms
GET / 304 - - 1.229 ms
POST /players/start 302 48 - 5.429 ms
GET /123run?playerId=13 200 8998 - 2.600 ms
GET / 304 - - 0.985 ms
GET /players 200 3150 - 2.112 ms
GET /players/13 200 1658 - 1.856 ms
GET /players 304 - - 1.293 ms
GET /players 304 - - 1.254 ms
GET /players 304 - - 1.328 ms
GET /players 304 - - 1.966 ms
GET / 304 - - 0.798 ms
POST /players/start 302 48 - 2.901 ms
GET /123run?playerId=14 200 8997 - 1.697 ms
GET /123run?playerId=14 200 8988 - 2.606 ms
GET / 304 - - 1.252 ms
GET /players 200 3309 - 1.378 ms
GET /players/14 200 1657 - 1.853 ms
GET /players 304 - - 1.616 ms
GET / 304 - - 0.944 ms
GET /players 304 - - 1.144 ms
GET /players/14 304 - - 2.114 ms
GET / 304 - - 3.410 ms
POST /players/start 302 48 - 5.146 ms
GET /123run?playerId=15 200 8987 - 2.697 ms
GET / 304 - - 0.807 ms
GET /players 200 3468 - 2.067 ms
GET /players/15 200 1657 - 3.450 ms
GET /players 304 - - 1.996 ms
GET / 304 - - 3.375 ms
POST /players/start 302 52 - 4.382 ms
GET /catsweeper?playerId=16 200 731 - 1.396 ms
GET / 304 - - 1.693 ms
GET /leaderboard 200 5008 - 4.389 ms
GET /leaderboard?game=minesweeper 200 1824 - 2.744 ms
GET /leaderboard?game=123run 304 - - 3.572 ms
GET /leaderboard?game=minesweeper 304 - - 4.047 ms
GET /players 200 3621 - 1.609 ms
GET /leaderboard 304 - - 3.460 ms
POST /players/start 302 52 - 2.972 ms
GET /catsweeper?playerId=17 200 731 - 1.114 ms
GET /catsweeper?playerId=17 200 836 - 1.083 ms
GET /catsweeper?playerId=17 200 920 - 7.240 ms
POST /catsweeper/leaderboard 404 162 - 0.904 ms
POST /catsweeper/leaderboard 404 162 - 0.367 ms
GET /catsweeper?playerId=17 200 863 - 0.780 ms
POST /catsweeper/leaderboard 404 162 - 0.400 ms
GET /catsweeper?playerId=17 200 863 - 6.058 ms
POST /leaderboard/catsweeper 404 162 - 0.823 ms
GET / 304 - - 1.267 ms
GET /leaderboard 200 5418 - 5.857 ms
GET /leaderboard?game=minesweeper 304 - - 2.905 ms
GET /catsweeper?playerId=17 200 868 - 0.920 ms
POST /leaderboard/catsweeper 404 162 - 0.583 ms
POST /leaderboard/catsweeper 404 162 - 0.200 ms
POST /leaderboard/catsweeper 404 162 - 0.299 ms
GET /catsweeper 200 929 - 1.544 ms
POST /catsweeper 404 150 - 0.830 ms
POST /catsweeper 200 929 - 4.958 ms
POST /catsweeper 200 929 - 2.221 ms
POST /catsweeper 200 929 - 0.878 ms
POST /leaderboard/catsweeper 404 162 - 0.680 ms
POST /leaderboard/catsweeper 404 162 - 0.533 ms
GET /leaderboard 304 - - 10.079 ms
POST /leaderboard/catsweeper 404 162 - 1.386 ms
POST /catsweeper 200 929 - 7.933 ms
POST /leaderboard/catsweeper 404 162 - 0.473 ms
GET / 304 - - 1.255 ms
POST /players/start 302 52 - 4.996 ms
GET /catsweeper?playerId=18 200 929 - 1.304 ms
POST /leaderboard/catsweeper 404 162 - 0.491 ms
POST /leaderboard/catsweeper 404 162 - 0.313 ms
POST /leaderboard/catsweeper 404 162 - 0.378 ms
GET /leaderboard 200 5621 - 11.157 ms
GET /leaderboard?game=minesweeper 304 - - 1.922 ms
GET /leaderboard?game=123run 304 - - 3.583 ms
GET /leaderboard 304 - - 3.642 ms
GET /catsweeper 200 918 - 1.806 ms
POST /leaderboard 404 151 - 0.793 ms
POST /leaderboard 404 151 - 1.758 ms
POST /leaderboard 404 151 - 1.491 ms
POST /catsweeper 200 918 - 6.112 ms
POST /catsweeper 200 918 - 5.774 ms
POST /leaderboard 404 151 - 1.472 ms
GET /leaderboard 200 5621 - 5.739 ms
POST /leaderboard 404 151 - 0.404 ms
POST /catsweeper 200 918 - 1.601 ms
POST /catsweeper 200 918 - 4.370 ms
POST /leaderboard 404 151 - 1.448 ms
GET /leaderboard 200 5621 - 5.317 ms
GET /players/18 200 1645 - 4.908 ms
GET /players 200 3913 - 4.331 ms
GET /players/10 200 1659 - 2.438 ms
GET /players 304 - - 2.658 ms
GET /players 304 - - 1.015 ms
POST /leaderboard/catsweeper 404 162 - 1.355 ms
GET /catsweeper 200 918 - 5.864 ms
POST /leaderboard 404 151 - 0.482 ms
POST /leaderboard 404 151 - 1.758 ms
GET /catsweeper 304 - - 5.854 ms
POST /leaderboard 404 151 - 0.682 ms
GET /catsweeper 200 918 - 2.996 ms
POST /leaderboard 404 151 - 0.852 ms
GET /catsweeper 200 804 - 2.042 ms
GET /catsweeper 200 918 - 4.932 ms
POST /leaderboard 404 151 - 1.006 ms
POST /leaderboard 404 151 - 0.306 ms
POST /leaderboard 404 151 - 0.376 ms
POST /leaderboard 404 151 - 0.281 ms
GET / 304 - - 1.958 ms
GET /catsweeper 200 913 - 1.304 ms
GET /leaderboard 200 5621 - 4.519 ms
GET /leaderboard 304 - - 3.206 ms
GET /leaderboard 200 5621 - 9.700 ms
GET /leaderboard 304 - - 3.337 ms
GET /leaderboard?game=minesweeper 304 - - 3.010 ms
GET /leaderboard?game=123run 304 - - 4.203 ms
GET / 304 - - 6.151 ms
POST /players/start 302 52 - 4.674 ms
GET /catsweeper?playerId=19 500 1425 - 1.646 ms
GET /catsweeper?playerId=19 500 1425 - 3.342 ms
GET /catsweeper?playerId=19 500 1425 - 1.481 ms
GET /catsweeper?playerId=19 200 978 - 4.713 ms
GET /catsweeper?playerId=19 200 955 - 1.566 ms
GET /leaderboard 200 5829 - 4.167 ms
GET /players/19 200 1650 - 3.161 ms
GET /players 200 4065 - 2.191 ms
GET /leaderboard?game=minesweeper 304 - - 3.632 ms
GET / 304 - - 1.599 ms
GET / 304 - - 2.093 ms
GET /catsweeper 200 957 - 3.428 ms
GET / 304 - - 1.302 ms
GET / 200 2925 - 12.098 ms
POST /players/start 302 48 - 4.916 ms
GET /123run?playerId=20 200 8151 - 2.358 ms
GET /123run/result 404 152 - 1.713 ms
POST /123run/result 200 7064 - 4.791 ms
GET / 304 - - 1.540 ms
GET /players 200 4226 - 2.162 ms
GET /players/20 200 1659 - 3.337 ms
GET /players 304 - - 2.387 ms
GET / 304 - - 3.806 ms
POST /players/start 500 23 - 2.873 ms
POST /players/start 500 23 - 2.558 ms
POST /players/start 500 23 - 1.713 ms
POST /players/start 500 23 - 1.770 ms
POST /players/start 302 48 - 5.127 ms
GET /123run?playerId=21 200 8021 - 2.697 ms
POST /123run/result 200 6936 - 3.652 ms
GET / 304 - - 2.318 ms
GET /players 200 4392 - 2.569 ms
GET /players/21 200 1664 - 3.938 ms
GET /players 304 - - 2.024 ms
POST /players/start 500 23 - 1.656 ms
POST /players/start 302 52 - 3.332 ms
GET /catsweeper?playerId=22 500 1457 - 1.855 ms
POST /players/start 302 52 - 1.068 ms
GET /catsweeper?playerId=22 500 1457 - 0.863 ms
POST /players/start 302 52 - 1.011 ms
GET /catsweeper?playerId=22 500 1457 - 0.888 ms
GET /catsweeper?playerId=22 500 1419 - 2.636 ms
GET /catsweeper?playerId=22 200 720 - 4.099 ms
GET /public/styles/catsweeper.css 404 167 - 1.093 ms
POST /catsweeper 500 1920 - 2.650 ms
POST /catsweeper 500 1920 - 6.498 ms
GET / 304 - - 3.238 ms
POST /players/start 302 52 - 4.938 ms
GET /catsweeper?playerId=23 200 720 - 1.577 ms
GET /public/styles/catsweeper.css 404 167 - 1.460 ms
POST /catsweeper 500 1920 - 1.722 ms
POST /catsweeper 500 1920 - 6.431 ms
GET /catsweeper - - - - ms
GET /catsweeper - - - - ms
GET /catsweeper - - - - ms
GET /catsweeper - - - - ms
GET /catsweeper - - - - ms
GET / 304 - - 2.893 ms
GET /catsweeper - - - - ms
GET /catsweeper - - - - ms
GET /catsweeper 200 712 - 5.943 ms
GET /public/styles/catsweeper.css 404 167 - 1.167 ms
GET /catsweeper 200 703 - 1.580 ms
GET /leaderboard 200 6699 - 6.490 ms
GET /players/23 200 1660 - 4.304 ms
GET /players 200 4711 - 1.488 ms
POST /catsweeper 200 703 - 0.864 ms
POST /catsweeper 200 703 - 0.729 ms
POST /catsweeper 500 1797 - 6.511 ms
POST /catsweeper 500 1797 - 6.071 ms
POST /catsweeper 500 1797 - 7.030 ms
POST /catsweeper 500 1797 - 7.068 ms
GET / 304 - - 7.045 ms
POST /players/start 302 52 - 5.184 ms
GET /catsweeper?playerId=24 500 1437 - 1.580 ms
GET /catsweeper?playerId=24 500 1457 - 2.606 ms
GET /catsweeper?playerId=24 200 725 - 5.359 ms
GET /catsweeper?playerId=24 200 725 - 2.811 ms
GET /catsweeper?playerId=24 200 716 - 4.581 ms
GET /catsweeper?playerId=24 200 716 - 5.100 ms
GET /catsweeper?playerId=24 200 725 - 6.903 ms
GET /catsweeper?playerId=24 200 677 - 9.388 ms
GET /catsweeper?playerId=24 200 677 - 7.237 ms
GET /catsweeper?playerId=24 200 720 - 5.608 ms
GET /catsweeper?playerId=24 200 720 - 5.392 ms
GET /leaderboard 200 6914 - 4.900 ms
GET /players/24 200 1657 - 4.049 ms
GET /players 200 4870 - 2.166 ms
GET /players/19 304 - - 1.174 ms
GET /players 304 - - 2.152 ms
GET /players/24 304 - - 7.669 ms
GET /catsweeper?playerId=24 200 720 - 6.692 ms
GET /leaderboard 304 - - 4.337 ms
GET /players/24 304 - - 4.015 ms
GET /players 304 - - 2.244 ms
GET /catsweeper?playerId=24 200 720 - 6.750 ms
GET /leaderboard 304 - - 5.300 ms
GET /players/24 304 - - 5.143 ms
GET /players/24 200 1657 - 13.214 ms
POST /catsweeper 200 677 - 1.939 ms
POST /catsweeper 200 677 - 1.729 ms
GET / 304 - - 1.528 ms
POST /players/start 302 52 - 4.185 ms
GET /catsweeper?playerId=25 200 715 - 1.889 ms
GET /leaderboard 304 - - 3.293 ms
GET /players 200 5026 - 1.894 ms
GET /players/25 200 1654 - 2.962 ms
GET /leaderboard 304 - - 4.985 ms
GET /leaderboard 200 6914 - 4.782 ms
GET /leaderboard 200 6914 - 2.758 ms
GET /leaderboard 304 - - 2.169 ms
GET /leaderboard 200 6914 - 3.501 ms
GET /leaderboard 200 6914 - 4.520 ms
GET /leaderboard 200 6914 - 3.452 ms
POST /catsweeper 200 715 - 0.844 ms
GET /leaderboard 304 - - 3.782 ms
GET /catsweeper?playerId=22 200 717 - 2.338 ms
GET /catsweeper?playerId=25 304 - - 1.738 ms
GET /leaderboard 304 - - 4.060 ms
GET /leaderboard 200 6914 - 2.867 ms
GET /leaderboard 200 6914 - 4.997 ms
GET /leaderboard 200 6914 - 3.656 ms
GET /leaderboard 200 6914 - 3.964 ms
GET /leaderboard 200 6914 - 3.829 ms
GET /leaderboard 200 6914 - 3.357 ms
POST /catsweeper 200 715 - 0.930 ms
GET /catsweeper 200 716 - 1.105 ms
GET / 304 - - 1.565 ms
GET /players 304 - - 2.337 ms
GET /leaderboard 304 - - 2.888 ms
GET /players/25 304 - - 2.431 ms
GET /leaderboard 200 6914 - 4.806 ms
GET /players/25 304 - - 2.188 ms
GET /players/20 304 - - 2.329 ms
GET /players/18 304 - - 2.304 ms
GET /players/16 200 1651 - 2.046 ms
GET /players/14 304 - - 1.688 ms
GET /players/22 200 1655 - 1.816 ms
GET /players/25 304 - - 1.921 ms
POST /players/start 302 51 - 1.292 ms
GET /catsweeper?playerId=7 200 720 - 1.665 ms
GET /players 200 5026 - 1.336 ms
GET /players/7 200 1655 - 2.138 ms
POST /catsweeper 200 720 - 1.125 ms
GET /catsweeper?playerId=22 304 - - 10.513 ms
GET /catsweeper?playerId=25 304 - - 2.804 ms
GET /players/25 304 - - 4.355 ms
GET /players/25 200 1654 - 8.858 ms
GET /catsweeper?playerId=25 304 - - 2.639 ms
GET /leaderboard 200 7126 - 4.442 ms
GET /players/25 304 - - 2.566 ms
GET /leaderboard?game=minesweeper 304 - - 11.709 ms
GET /leaderboard?game=123run 304 - - 5.076 ms
GET /leaderboard?game=minesweeper 304 - - 4.211 ms
GET /catsweeper?playerId=25 200 715 - 6.688 ms
GET /leaderboard 304 - - 4.935 ms
GET /players/25 304 - - 3.049 ms
GET /catsweeper?playerId=25 200 715 - 10.377 ms
GET /leaderboard 304 - - 5.562 ms
GET /players/25 304 - - 3.119 ms
GET /leaderboard 200 7126 - 3.285 ms
GET /leaderboard 200 7126 - 5.031 ms
GET /leaderboard 200 7126 - 3.936 ms
GET /leaderboard 200 7126 - 3.420 ms
GET /players/25 200 1654 - 1.461 ms
GET /leaderboard 200 7126 - 5.378 ms
GET /leaderboard 304 - - 4.307 ms
GET /leaderboard?game=minesweeper 304 - - 3.604 ms
GET /players/25 200 1654 - 1.805 ms
GET /leaderboard 304 - - 4.360 ms
GET /players/25 200 1654 - 1.907 ms
GET /players 200 5182 - 2.330 ms
GET /players/3 200 1899 - 3.491 ms
GET /players 304 - - 1.460 ms
GET /players/23 304 - - 1.857 ms
GET /players 304 - - 1.360 ms
GET /players/26 200 1654 - 2.778 ms
GET /players 304 - - 1.374 ms
GET /catsweeper?playerId=25 200 715 - 2.650 ms
GET /leaderboard 200 7127 - 2.093 ms
GET /players/25 304 - - 2.066 ms
GET /players 304 - - 1.266 ms
GET /players/2 200 1659 - 1.821 ms
GET /players 304 - - 1.316 ms
GET /players/4 200 1660 - 2.400 ms
GET /players 304 - - 1.251 ms
GET /players/3 304 - - 2.846 ms
GET /players 304 - - 1.342 ms
GET /players/26 304 - - 2.013 ms
GET /players 304 - - 1.352 ms
GET /players/25 304 - - 2.160 ms
GET /players/25 200 1654 - 2.031 ms
GET /players 304 - - 1.629 ms
GET /123run/result 404 152 - 1.632 ms
GET /123run 200 8014 - 1.692 ms
POST /123run/result 400 18 - 1.378 ms
GET / 304 - - 0.681 ms
POST /players/start 302 48 - 4.328 ms
GET /123run?playerId=27 200 8015 - 2.151 ms
POST /123run/result 200 6931 - 4.228 ms
GET / 304 - - 0.740 ms
GET /leaderboard 304 - - 1.825 ms
GET /players 200 5335 - 0.741 ms
GET /players/27 200 1901 - 2.636 ms
GET /players 304 - - 1.424 ms
GET /players/26 304 - - 2.277 ms
POST /catsweeper 200 715 - 1.274 ms
GET /leaderboard 200 7127 - 3.683 ms
GET /players/25 304 - - 2.152 ms
GET /players/24 304 - - 1.635 ms
GET /players/25 304 - - 1.346 ms
GET / 304 - - 0.955 ms
GET /players 304 - - 1.471 ms
GET /players/27 304 - - 1.982 ms
GET /leaderboard 200 7550 - 12.903 ms
GET /leaderboard 200 7550 - 4.853 ms
GET /players/26 304 - - 3.596 ms
GET /players 304 - - 2.283 ms
GET /players 304 - - 2.064 ms
GET / 304 - - 0.991 ms
POST /players/start 302 52 - 3.721 ms
GET /catsweeper?playerId=28 200 722 - 1.905 ms
GET /leaderboard 200 7550 - 3.941 ms
GET /leaderboard 200 7550 - 4.434 ms
GET /leaderboard 200 7550 - 4.316 ms
GET / 304 - - 2.046 ms
GET /players 200 5502 - 1.659 ms
GET /players/28 200 1665 - 2.679 ms
GET /leaderboard 304 - - 3.179 ms
GET /players/26 304 - - 2.294 ms
GET /catsweeper?playerId=28 200 731 - 7.769 ms
GET /leaderboard 200 7773 - 4.822 ms
GET /leaderboard 200 7773 - 7.298 ms
GET /leaderboard 304 - - 12.018 ms
GET /players/28 304 - - 3.154 ms
GET / 304 - - 1.988 ms
GET /catsweeper?playerId=22 200 725 - 2.313 ms
POST /leaderboard 404 151 - 0.859 ms
GET /leaderboard 200 7773 - 9.318 ms
GET /players/28 304 - - 4.593 ms
GET /players 304 - - 2.916 ms
POST /leaderboard 404 151 - 0.844 ms
GET /catsweeper?playerId=22 200 725 - 2.463 ms
GET /leaderboard 200 7773 - 4.489 ms
GET /leaderboard 304 - - 2.734 ms
GET /players/22 304 - - 2.704 ms
GET /catsweeper?playerId=22 200 725 - 7.655 ms
POST /leaderboard 404 151 - 1.152 ms
POST /leaderboard 404 151 - 0.278 ms
POST /leaderboard 404 151 - 0.237 ms
GET / 304 - - 1.535 ms
POST /players/start 302 48 - 4.724 ms
GET /123run?playerId=29 200 8015 - 4.107 ms
POST /123run/result 200 6931 - 6.144 ms
GET /leaderboard 200 7773 - 4.428 ms
GET / 304 - - 1.675 ms
GET /players 200 5653 - 1.256 ms
GET /leaderboard 304 - - 4.641 ms
GET /leaderboard 200 7773 - 3.555 ms
POST /leaderboard 404 151 - 1.822 ms
POST /leaderboard 404 151 - 0.596 ms
GET /leaderboard 200 7982 - 12.973 ms
GET /catsweeper 200 724 - 1.388 ms
GET /catsweeper?playerId=23 200 726 - 2.602 ms
GET /catsweeper?playerId=23 500 2272 - 3.220 ms
GET /catsweeper?playerId=23 200 824 - 0.680 ms
POST /catsweeper/result2 400 18 - 1.423 ms
GET /catsweeper?playerId=23 200 824 - 7.337 ms
POST /catsweeper/result2 400 18 - 2.394 ms
POST /catsweeper/result2 400 18 - 3.850 ms
POST /players/start 302 48 - 8.413 ms
GET /123run?playerId=30 200 8018 - 5.317 ms
POST /123run/result 200 6933 - 6.438 ms
GET /catsweeper/ 200 942 - 8.027 ms
GET /apple-touch-icon-precomposed.png 404 171 - 0.659 ms
GET /apple-touch-icon.png 404 159 - 0.250 ms
GET /catsweeper/ 200 942 - 6.710 ms
POST /catsweeper/result2 400 18 - 1.756 ms
GET /catsweeper 200 942 - 0.639 ms
POST /catsweeper/result2 400 18 - 2.086 ms
GET /catsweeper/ 304 - - 2.102 ms
GET /catsweeper 304 - - 1.209 ms
GET /catsweeper 200 942 - 5.872 ms
POST /catsweeper/result2 400 18 - 2.336 ms
GET /catsweeper/ 304 - - 1.974 ms
GET /catsweeper/ 200 948 - 9.020 ms
GET /catsweeper/ 200 948 - 3.054 ms
GET /catsweeper/ 200 949 - 11.056 ms
GET /catsweeper/ 200 949 - 6.658 ms
POST /catsweeper/result2 400 18 - 3.604 ms
GET /catsweeper 200 949 - 6.788 ms
GET /catsweeper 200 949 - 4.792 ms
GET /catsweeper 200 949 - 7.286 ms
GET /catsweeper 200 949 - 3.024 ms
GET /catsweeper 200 949 - 6.333 ms
GET /catsweeper 200 949 - 8.300 ms
GET /catsweeper 200 949 - 4.341 ms
GET /catsweeper 200 949 - 7.379 ms
GET /catsweeper 200 949 - 4.297 ms
GET /catsweeper 200 949 - 10.059 ms
GET /catsweeper 200 949 - 1.884 ms
GET /catsweeper 200 949 - 1.372 ms
GET /catsweeper 200 949 - 7.483 ms
GET /catsweeper 200 949 - 2.238 ms
GET /catsweeper 200 949 - 3.083 ms
GET /catsweeper 200 949 - 1.819 ms
GET /catsweeper 200 949 - 2.143 ms
GET /catsweeper 200 949 - 1.331 ms
GET /catsweeper 200 949 - 3.502 ms
GET /catsweeper 200 949 - 2.262 ms
GET /catsweeper 200 949 - 5.034 ms
GET /catsweeper 200 949 - 2.507 ms
GET /catsweeper 200 949 - 1.604 ms
GET /catsweeper 200 949 - 7.727 ms
GET /catsweeper 200 949 - 2.269 ms
GET /catsweeper 200 949 - 1.623 ms
GET /catsweeper 200 949 - 1.152 ms
GET /catsweeper 200 949 - 1.194 ms
GET /catsweeper 200 949 - 1.346 ms
GET /catsweeper 200 949 - 7.479 ms
GET /catsweeper 200 949 - 2.334 ms
GET /catsweeper 200 949 - 8.239 ms
GET /catsweeper 200 949 - 2.349 ms
GET /catsweeper 200 949 - 1.785 ms
GET /catsweeper 200 949 - 1.246 ms
GET /catsweeper 200 701 - 9.905 ms
GET /catsweeper 200 701 - 8.866 ms
GET /catsweeper 200 701 - 8.033 ms
POST /catsweeper/result2 400 18 - 2.034 ms
GET /catsweeper 200 836 - 0.777 ms
GET /catsweeper 200 836 - 1.989 ms
GET /catsweeper 200 842 - 1.738 ms
GET /catsweeper 200 842 - 1.212 ms
POST /catsweeper/result2 400 18 - 2.510 ms
POST /catsweeper/result2 400 18 - 2.337 ms
GET /catsweeper/ 200 842 - 7.591 ms
GET /catsweeper 304 - - 1.942 ms
GET /catsweeper?playerId=23 200 844 - 2.888 ms
POST /catsweeper/result2 400 18 - 2.241 ms
GET / 304 - - 1.550 ms
GET /players 200 5810 - 2.720 ms
GET /leaderboard 200 8196 - 6.411 ms
GET /players/23 304 - - 4.502 ms
GET /catsweeper?playerId=23 500 1610 - 1.991 ms
GET /catsweeper?playerId=23 200 872 - 2.635 ms
POST /catsweeper/result2 400 18 - 2.257 ms
GET /catsweeper?playerId=23 200 1081 - 2.463 ms
POST /catsweeper/result2 500 1416 - 1.779 ms
GET /catsweeper/result2 404 157 - 1.284 ms
POST /catsweeper/result2 200 1081 - 9.169 ms
GET /catsweeper 200 1077 - 2.841 ms
GET /catsweeper/ 200 1077 - 1.540 ms
GET /catsweeper 304 - - 1.358 ms
GET /catsweeper?playerId=24 200 1083 - 1.039 ms
POST /catsweeper/result2 200 1083 - 5.563 ms
GET /players/24 200 1900 - 4.220 ms
GET /players 304 - - 2.778 ms
POST /catsweeper/result2 200 1083 - 4.423 ms
GET /players 200 5810 - 2.271 ms
GET / 304 - - 1.883 ms
GET /leaderboard 304 - - 5.188 ms
GET /players/24 200 2148 - 4.277 ms
POST /catsweeper/result2 200 423 - 3.884 ms
POST /catsweeper/result2 500 1865 - 5.183 ms
POST /catsweeper/result2 200 423 - 4.121 ms
GET /catsweeper 304 - - 1.348 ms
GET /catsweeper?playerId=22 200 1080 - 1.128 ms
POST /catsweeper/result2 200 420 - 10.351 ms
POST /catsweeper/result2 200 585 - 12.006 ms
GET / 304 - - 1.638 ms
POST /catsweeper/result2 200 538 - 4.334 ms
POST /catsweeper/result2 200 538 - 9.041 ms
POST /submit-score 404 152 - 1.303 ms
POST /catsweeper/result2 200 538 - 4.698 ms
POST /catsweeper/result2 200 538 - 3.873 ms
GET / 304 - - 1.148 ms
GET /players 304 - - 1.827 ms
GET /leaderboard 304 - - 5.035 ms
GET /players/22 200 3138 - 5.468 ms
GET / 304 - - 1.601 ms
POST /submit-score 404 152 - 0.391 ms
POST /submit-score 404 152 - 1.595 ms
POST /catsweeper/result2 200 538 - 11.313 ms
POST /catsweeper/result2 200 538 - 10.439 ms
GET /players/22 200 3634 - 12.847 ms
POST /catsweeper/result2 200 538 - 4.912 ms
POST /catsweeper/result2 200 538 - 3.510 ms
POST /catsweeper/result2 200 538 - 3.779 ms
GET /catsweeper?playerId=22 200 1090 - 2.451 ms
GET /catsweeper? 200 1087 - 0.625 ms
POST /catsweeper/result2 400 18 - 1.979 ms
POST /catsweeper/result2 200 538 - 11.211 ms
POST /catsweeper/result2 200 538 - 4.458 ms
POST /catsweeper/result2 200 538 - 10.914 ms
POST /catsweeper/result2 200 538 - 5.443 ms
POST /catsweeper/result2 200 538 - 11.304 ms
GET /catsweeper?playerId=22 200 1061 - 8.380 ms
POST /catsweeper?playerId=22 404 150 - 0.855 ms
GET /catsweeper?playerId=22 200 1090 - 3.048 ms
POST /catsweeper/result2 200 538 - 5.562 ms
GET /catsweeper?playerId=22 200 1062 - 7.178 ms
GET /catsweeper?playerId=22 200 1062 - 3.400 ms
POST /catsweeper?playerId=22 404 150 - 0.630 ms
GET /catsweeper?playerId=22 200 1063 - 8.762 ms
POST /catsweeper?playerId=22 404 150 - 0.804 ms
GET /catsweeper?playerId=22 200 1063 - 8.285 ms
POST /catsweeper?playerId=22 404 150 - 0.902 ms
POST /catsweeper?playerId=22 404 150 - 0.559 ms
GET /catsweeper?playerId=22 200 1091 - 2.178 ms
POST /catsweeper/result2 200 538 - 4.941 ms
GET /catsweeper?playerId=22 200 1149 - 1.936 ms
GET /catsweeper?playerId=22 200 1162 - 7.990 ms
GET /catsweeper?playerId=22 200 1162 - 7.493 ms
GET /catsweeper?playerId=22 200 1161 - 3.360 ms
GET /catsweeper?playerId=22 200 1161 - 7.549 ms
GET /catsweeper?playerId=22 200 1161 - 2.898 ms
GET /catsweeper?playerId=22 200 1164 - 5.570 ms
GET /catsweeper?playerId=22 200 1164 - 5.187 ms
GET /catsweeper?playerId=22 200 1164 - 4.592 ms
GET /catsweeper?playerId=22 200 1164 - 7.621 ms
GET /catsweeper?playerId=22 200 1161 - 1.393 ms
GET /catsweeper?playerId=22 200 1161 - 8.481 ms
POST /catsweeper/result2 200 538 - 4.415 ms
GET /catsweeper?playerId=22 200 1161 - 2.496 ms
POST /catsweeper/result2 200 538 - 4.438 ms
POST /catsweeper/result2 200 538 - 4.099 ms
GET /catsweeper?playerId=22 200 1161 - 11.812 ms
GET /catsweeper?playerId=22 200 1161 - 2.630 ms
GET /catsweeper?playerId=22 200 1161 - 2.511 ms
GET /catsweeper?playerId=22 200 1161 - 2.099 ms
GET /catsweeper?playerId=22 200 1161 - 2.509 ms
GET /catsweeper?playerId=22 200 1161 - 2.373 ms
GET /catsweeper?playerId=22 200 1161 - 1.778 ms
POST /catsweeper/result2 200 538 - 3.805 ms
POST /catsweeper/result2 200 538 - 10.902 ms
GET /catsweeper?playerId=22 304 - - 2.194 ms
POST /catsweeper/result2?score=0 200 538 - 10.271 ms
POST /catsweeper/result2?score=0 200 538 - 4.651 ms
GET /catsweeper?playerId=22 200 1133 - 2.506 ms
POST /catsweeper/result2?score=0 200 538 - 4.634 ms
POST /catsweeper/result2?score=0 200 538 - 10.916 ms
GET /catsweeper/result2?score=22 404 157 - 1.336 ms
POST /catsweeper/result2?score=0 200 538 - 4.257 ms
GET /catsweeper?playerId=22 200 1133 - 2.299 ms
POST /catsweeper?playerId=22 404 150 - 0.372 ms
POST /catsweeper?playerId=22 404 150 - 1.398 ms
POST /catsweeper?playerId=22 404 150 - 0.582 ms
GET /catsweeper?playerId=22 200 1133 - 8.283 ms
POST /catsweeper/result2?score=0 200 538 - 5.482 ms
POST /catsweeper/result2?score=0 200 538 - 11.064 ms
GET / 304 - - 0.849 ms
POST /players/start 302 52 - 5.019 ms
GET /catsweeper?playerId=31 200 1130 - 2.476 ms
POST /catsweeper/result2?score=0 200 538 - 3.710 ms
POST /catsweeper/result2?score=0 200 538 - 9.386 ms
GET / 304 - - 1.405 ms
POST /players/start 302 52 - 4.795 ms
GET /catsweeper?playerId=32 200 1132 - 2.900 ms
POST /catsweeper/result2?score=0 200 538 - 4.463 ms
GET /catsweeper?playerId=32 200 1132 - 1.716 ms
GET /leaderboard 200 8403 - 5.580 ms
GET /players/31 200 2140 - 5.911 ms
GET /leaderboard 200 8403 - 2.141 ms
GET /leaderboard 200 8403 - 4.514 ms
GET /leaderboard 200 8403 - 4.868 ms
GET /catsweeper?playerId=32 200 1132 - 2.218 ms
GET /leaderboard 200 8403 - 4.272 ms
POST /catsweeper/result2?score=0 200 538 - 3.409 ms
POST /catsweeper/result2?score=0 200 538 - 8.961 ms
POST /catsweeper/result2?score=0 200 538 - 4.440 ms
GET /catsweeper?playerId=32 200 1132 - 2.257 ms
POST /catsweeper/result2?score=0 200 538 - 3.189 ms
GET /catsweeper?playerId=32 200 1132 - 8.849 ms
POST /catsweeper/result2?score=0 200 538 - 4.282 ms
GET /catsweeper?playerId=32 200 1132 - 8.389 ms
POST /catsweeper/result2?score=0 200 538 - 5.464 ms
GET /catsweeper?playerId=32 200 1132 - 7.481 ms
POST /catsweeper/result2?score=0 200 538 - 6.365 ms
POST /catsweeper/result2?score=0 200 538 - 4.661 ms
GET /catsweeper?playerId=32 200 1132 - 1.928 ms
GET /catsweeper?playerId=32 200 1132 - 7.872 ms
POST /catsweeper/result2?score=0 200 538 - 6.575 ms
POST /catsweeper/result2?score=0 200 538 - 10.481 ms
GET /catsweeper?playerId=32 200 1132 - 6.131 ms
POST /catsweeper/result2?score=0 200 538 - 5.259 ms
GET /catsweeper?playerId=32 200 1132 - 9.743 ms
POST /catsweeper/result2?score=0 200 538 - 7.591 ms
GET /catsweeper?playerId=32 200 1132 - 9.055 ms
POST /catsweeper/result2?score=0 200 538 - 6.803 ms
GET /catsweeper?playerId=32 200 1132 - 5.694 ms
POST /catsweeper/result2?score=0 200 538 - 7.229 ms
GET /catsweeper?playerId=32 200 1132 - 9.639 ms
POST /catsweeper/result2?scoresssss=0 200 538 - 4.310 ms
GET /catsweeper?playerId=32 200 1132 - 8.650 ms
POST /catsweeper/result2?score=0 200 538 - 6.274 ms
GET /catsweeper?playerId=32 200 1132 - 2.405 ms
GET /catsweeper?playerId=32 200 1132 - 1.715 ms
GET /catsweeper?playerId=32 200 1132 - 2.595 ms
POST /catsweeper/result2?score=0 200 538 - 4.483 ms
POST /catsweeper/result2?score=0 200 538 - 4.853 ms
GET /catsweeper?playerId=32 200 1132 - 10.186 ms
GET /catsweeper?playerId=32 200 1132 - 3.462 ms
GET /catsweeper?playerId=32 200 1132 - 8.018 ms
GET /catsweeper?playerId=32 200 1132 - 3.232 ms
POST /catsweeper/result2?score=1 200 538 - 4.542 ms
GET /catsweeper?playerId=32 200 1132 - 2.992 ms
POST /catsweeper/result2?score=16 200 539 - 4.074 ms
GET / 304 - - 1.628 ms
GET /leaderboard 200 8620 - 4.816 ms
GET /players/32 200 6862 - 6.702 ms
GET /players 200 6121 - 1.891 ms
GET /leaderboard?game=minesweeper 200 3103 - 5.800 ms
GET /leaderboard?game=123run 200 2458 - 4.936 ms
GET /leaderboard?game=minesweeper 304 - - 5.480 ms
GET /leaderboard?game=123run 304 - - 6.054 ms
GET /leaderboard?game=minesweeper 304 - - 4.368 ms
GET /leaderboard?game=minesweeper 304 - - 4.957 ms
GET /leaderboard?game=123run 304 - - 4.852 ms
GET /leaderboard?game=minesweeper 304 - - 3.624 ms
GET /leaderboard?game=123run 304 - - 3.679 ms
GET /players/27 304 - - 1.292 ms
GET /players 304 - - 2.055 ms
GET / 304 - - 7.611 ms
GET /catsweeper 200 1130 - 2.164 ms
GET /catsweeper?playerId=24 200 1136 - 2.097 ms
POST /catsweeper/result2?score=1 200 538 - 3.369 ms
GET / 304 - - 0.586 ms
GET /leaderboard 200 8620 - 5.003 ms
GET /players/24 200 3143 - 5.266 ms
GET /catsweeper?playerId=24 200 1136 - 9.540 ms
POST /catsweeper/result2?score=0 200 538 - 5.190 ms
GET /leaderboard 200 8620 - 6.796 ms
GET /players/24 200 3395 - 5.834 ms
GET / 304 - - 3.728 ms
POST /players/start 302 51 - 4.688 ms
POST /players/start 302 51 - 6.492 ms
GET /catsweeper?playerId=2 200 1131 - 5.833 ms
POST /catsweeper/result2?score=0 200 538 - 6.462 ms
GET / 304 - - 1.030 ms
GET /players 200 1424 - 1.881 ms
GET /players/1 200 1656 - 4.798 ms
GET /players/2 200 1898 - 3.350 ms
GET /leaderboard 200 2036 - 2.718 ms
GET /leaderboard 200 2036 - 3.172 ms
GET /leaderboard 200 2036 - 3.070 ms
GET /leaderboard 304 - - 1.872 ms
GET /players/1 304 - - 2.773 ms
GET / 200 2925 - 3.526 ms
GET / 200 2925 - 2.465 ms
GET /players 200 1609 - 1.454 ms
GET / 200 2925 - 3.669 ms
GET /players 200 1609 - 0.838 ms
GET / 200 2925 - 4.293 ms
GET /players 200 1609 - 0.820 ms
GET /players/1 200 1656 - 1.209 ms
GET / 200 2925 - 3.034 ms
GET /players 200 1609 - 0.860 ms
GET /players/1 200 1656 - 1.814 ms
GET /leaderboard 200 2483 - 0.836 ms
GET / 200 2925 - 2.700 ms
GET /players 200 1609 - 0.597 ms
GET /players/1 200 1656 - 0.643 ms
GET /leaderboard 200 2483 - 0.538 ms
GET /catsweeper 200 1130 - 1.085 ms
GET /123run 200 8014 - 0.650 ms
GET / 200 2925 - 2.037 ms
GET /players 200 1609 - 0.823 ms
GET /players/1 200 1656 - 1.536 ms
GET /leaderboard 200 2483 - 0.493 ms
GET /catsweeper 200 1130 - 0.265 ms
GET /123run 200 8014 - 0.373 ms
POST /123run/result 400 18 - 0.462 ms
GET / 200 2925 - 2.385 ms
GET /players 200 1609 - 0.596 ms
GET /players/1 200 1656 - 0.672 ms
GET /leaderboard 200 2483 - 0.524 ms
GET /catsweeper 200 1130 - 0.302 ms
GET /123run 200 8014 - 0.427 ms
POST /result 404 146 - 0.331 ms
GET / 200 2925 - 21.539 ms
GET /players 200 1609 - 0.824 ms
GET /players/1 200 1656 - 0.945 ms
GET /leaderboard 200 2483 - 0.627 ms
GET /catsweeper 200 1130 - 0.425 ms
GET /123run 200 8014 - 0.562 ms
POST /result 404 146 - 0.334 ms
GET / 200 2925 - 3.766 ms
POST /players/start 302 55 - 4.533 ms
GET /123run?playerId=undefined 200 8023 - 2.168 ms
POST /123run/result 200 6926 - 5.455 ms
GET /123run/result 404 152 - 1.085 ms
GET / 304 - - 2.007 ms
GET /players 200 1762 - 4.312 ms
GET /players/4 200 1652 - 5.525 ms
GET /leaderboard 200 2483 - 3.366 ms
GET /players/3 200 1684 - 2.407 ms
GET /players 304 - - 3.503 ms
GET /leaderboard 304 - - 2.499 ms
GET /l 404 140 - 0.506 ms
GET / 304 - - 1.261 ms
POST /players/start 302 59 - 2.857 ms
GET / 304 - - 3.250 ms
POST /players/start 302 59 - 4.453 ms
GET / 304 - - 2.549 ms
POST /players/start 302 59 - 3.291 ms
POST /players/start 302 59 - 6.698 ms
GET / 200 2925 - 4.223 ms
GET / 200 2925 - 7.288 ms
POST /players/start 302 59 - 4.297 ms
GET /players/start 404 17 - 1.814 ms
POST /players/start 500 23 - 3.153 ms
GET / 200 2925 - 2.986 ms
POST /players/start 302 55 - 2.766 ms
GET /123run?playerId=undefined 200 8023 - 1.521 ms
POST /123run/result 200 6940 - 4.572 ms
GET / 304 - - 1.312 ms
POST /players/start 302 59 - 2.515 ms
GET / 304 - - 3.366 ms
POST /players/start 302 52 - 4.828 ms
GET /catsweeper?playerId=12 200 1136 - 1.895 ms
POST /catsweeper/result2?score=0 200 538 - 6.084 ms
GET / 304 - - 1.601 ms
GET /players 200 3045 - 1.895 ms
GET /players/12 200 1912 - 4.135 ms
GET / 200 2925 - 3.230 ms
GET /players 200 3045 - 0.793 ms
GET /players/1 200 1656 - 0.665 ms
GET /leaderboard 200 4417 - 0.663 ms
GET /catsweeper 200 1130 - 0.272 ms
GET /123run 200 8014 - 0.383 ms
GET / 200 2925 - 2.558 ms
GET /players 200 3045 - 0.715 ms
GET /players/1 200 1656 - 0.874 ms
GET /leaderboard 200 4417 - 0.841 ms
GET /catsweeper 200 1130 - 0.493 ms
GET /123run 200 8014 - 0.660 ms
POST /result 404 146 - 0.394 ms
GET / 200 2925 - 2.568 ms
GET /players 200 3045 - 0.912 ms
GET /players/1 200 1656 - 0.965 ms
GET /leaderboard 200 4417 - 0.794 ms
GET /catsweeper 200 1130 - 0.432 ms
GET /123run 200 8014 - 0.571 ms
POST /123run/result 400 18 - 0.202 ms
GET / 200 2925 - 2.645 ms
GET /players 200 3045 - 0.692 ms
GET /players/1 200 1656 - 1.059 ms
GET /leaderboard 200 4417 - 0.843 ms
GET /catsweeper 200 1130 - 0.483 ms
GET /123run 200 8014 - 0.661 ms
POST /123run/result 200 6929 - 0.988 ms
GET / 200 2925 - 2.577 ms
GET /players 200 3045 - 0.750 ms
GET /players/1 200 1904 - 1.061 ms
GET /leaderboard 200 4419 - 0.819 ms
GET /catsweeper 200 1130 - 0.587 ms
GET /123run 200 8014 - 0.593 ms
POST /123run/result 200 6929 - 1.072 ms
POST /catsweeper/result2 200 538 - 0.425 ms
GET / 200 2925 - 2.584 ms
GET /players 200 3045 - 0.743 ms
GET /players/1 200 1904 - 1.514 ms
GET /leaderboard 200 4421 - 0.880 ms
GET /catsweeper 200 1130 - 0.434 ms
GET /123run 200 8014 - 0.602 ms
POST /123run/result 200 6929 - 0.679 ms
POST /catsweeper/result2 200 538 - 0.408 ms
POST /catsweeper/result2 200 538 - 0.749 ms
GET / 200 2925 - 2.626 ms
GET /players 200 3045 - 0.829 ms
GET /players/1 200 1904 - 1.322 ms
GET /leaderboard 200 4421 - 0.849 ms
GET /catsweeper 200 1130 - 0.482 ms
GET /123run 200 8014 - 0.603 ms
POST /123run/result 200 6929 - 0.659 ms
POST /catsweeper/result2 200 538 - 0.546 ms
POST /catsweeper/result2 400 18 - 0.237 ms
GET / 200 2925 - 2.763 ms
GET /players 200 3045 - 0.797 ms
GET /players/1 200 1904 - 1.208 ms
GET /leaderboard 200 4421 - 0.812 ms
GET /catsweeper 200 1130 - 0.275 ms
GET /123run 200 8014 - 0.377 ms
POST /123run/result 200 6929 - 0.739 ms
POST /catsweeper/result2 400 18 - 0.181 ms
GET / 200 2925 - 2.035 ms
GET /players 200 3045 - 0.635 ms
GET /players/1 200 1904 - 0.930 ms
GET /leaderboard 200 4421 - 0.650 ms
GET /catsweeper 200 1130 - 0.291 ms
GET /123run 200 8014 - 0.395 ms
POST /123run/result 200 6929 - 0.584 ms
POST /catsweeper/result2 200 538 - 1.213 ms
GET / 200 2925 - 3.060 ms
GET /players 200 3045 - 0.749 ms
GET /players/1 200 2156 - 1.102 ms
GET /leaderboard 200 4419 - 0.836 ms
GET /catsweeper 200 1130 - 0.455 ms
GET /123run 200 8014 - 0.574 ms
POST /123run/result 200 6929 - 0.702 ms
POST /catsweeper/result2 200 538 - 0.812 ms
GET / 200 2925 - 2.882 ms
GET /players 200 3045 - 0.780 ms
GET /players/1 200 2408 - 1.153 ms
GET /leaderboard 200 4419 - 0.887 ms
GET /catsweeper 200 1130 - 0.460 ms
GET /123run 200 8014 - 0.571 ms
POST /123run/result 200 6929 - 0.759 ms
POST /catsweeper/result2 200 538 - 0.852 ms
POST /catsweeper/result2 400 18 - 0.251 ms
GET / 200 2925 - 2.013 ms
GET /players 200 3045 - 0.753 ms
GET /players/1 200 2660 - 0.968 ms
GET /leaderboard 200 4419 - 0.667 ms
GET /catsweeper 200 1130 - 0.279 ms
GET /123run 200 8014 - 0.361 ms
POST /123run/result 200 6929 - 0.629 ms
POST /catsweeper/result2 200 538 - 1.211 ms
POST /catsweeper/result2 400 18 - 0.321 ms
GET / 200 2925 - 2.846 ms
GET /players 200 3045 - 0.707 ms
GET /players/1 200 2912 - 1.299 ms
GET /leaderboard 200 4419 - 0.788 ms
GET /catsweeper 200 1130 - 0.509 ms
GET /123run 200 8014 - 0.580 ms
POST /123run/result 200 6929 - 0.597 ms
POST /catsweeper/result2 200 538 - 0.769 ms
POST /players/start 500 23 - 0.924 ms
GET / 200 2925 - 1.954 ms
GET /players 200 3045 - 0.673 ms
GET /players/1 200 3164 - 1.057 ms
GET /leaderboard 200 4419 - 0.624 ms
GET /catsweeper 200 1130 - 0.299 ms
GET /123run 200 8014 - 0.387 ms
POST /123run/result 200 6929 - 0.577 ms
POST /catsweeper/result2 200 538 - 1.513 ms
POST /players/start 302 41 - 1.193 ms
GET / 200 2925 - 1.871 ms
GET /players 200 3203 - 0.553 ms
GET /players/1 200 3416 - 1.230 ms
GET /leaderboard 200 4633 - 1.124 ms
GET /catsweeper 200 1130 - 0.319 ms
GET /123run 200 8014 - 0.397 ms
POST /123run/result 200 6929 - 0.619 ms
POST /catsweeper/result2 200 538 - 1.196 ms
POST /players/start 302 41 - 0.453 ms
GET / 200 2925 - 1.888 ms
GET /players 200 3203 - 0.570 ms
GET /players/1 200 3668 - 1.354 ms
GET /leaderboard 200 4633 - 0.946 ms
GET /catsweeper 200 1130 - 0.305 ms
GET /123run 200 8014 - 0.380 ms
POST /123run/result 200 6929 - 0.614 ms
POST /catsweeper/result2 200 538 - 1.119 ms
POST /players/start 302 41 - 0.445 ms
GET / 200 2925 - 3.101 ms
GET /players 200 3203 - 0.750 ms
GET /players/1 200 3920 - 1.631 ms
GET /leaderboard 200 4633 - 0.753 ms
GET /catsweeper 200 1130 - 0.509 ms
GET /123run 200 8014 - 0.664 ms
POST /123run/result 200 6929 - 0.716 ms
POST /catsweeper/result2 200 538 - 0.842 ms
POST /players/start 302 41 - 0.447 ms
GET / 200 2925 - 1.961 ms
GET /players 200 3203 - 0.580 ms
GET /players/1 200 4172 - 1.598 ms
GET /leaderboard 200 4633 - 0.647 ms
GET /catsweeper 200 1130 - 0.327 ms
GET /123run 200 8014 - 0.366 ms
POST /123run/result 200 6929 - 0.611 ms
POST /catsweeper/result2 200 538 - 1.141 ms
POST /players/start 302 41 - 0.423 ms
GET / 200 2925 - 1.991 ms
GET /players 200 3203 - 0.584 ms
GET /players/1 200 4424 - 1.396 ms
GET /leaderboard 200 4633 - 0.626 ms
GET /catsweeper 200 1130 - 0.368 ms
GET /123run 200 8014 - 0.396 ms
POST /123run/result 200 6929 - 0.613 ms
POST /catsweeper/result2 200 538 - 1.226 ms
POST /players/start 302 41 - 0.481 ms
GET / 200 2925 - 2.005 ms
GET /players 200 3203 - 0.674 ms
GET /players/1 200 4676 - 1.454 ms
GET /leaderboard 200 4633 - 0.667 ms
GET /catsweeper 200 1130 - 0.306 ms
GET /123run 200 8014 - 1.014 ms
POST /123run/result 200 6929 - 0.656 ms
POST /catsweeper/result2 200 538 - 1.171 ms
POST /players/start 302 41 - 0.444 ms
GET / 200 2925 - 2.132 ms
GET /players 200 3203 - 0.783 ms
GET /players/1 200 4928 - 0.638 ms
GET /leaderboard 200 4633 - 0.532 ms
GET /catsweeper 200 1130 - 0.260 ms
GET /123run 200 8014 - 0.374 ms
POST /123run/result 200 6929 - 0.515 ms
POST /catsweeper/result2 200 538 - 0.845 ms
POST /players/start 302 41 - 0.357 ms
GET / 200 2925 - 3.161 ms
GET /players 200 3203 - 0.784 ms
GET /players/1 200 5180 - 0.768 ms
GET /leaderboard 200 4633 - 0.768 ms
GET /catsweeper 200 1130 - 0.476 ms
GET /123run 200 8014 - 0.584 ms
POST /123run/result 200 6929 - 0.609 ms
POST /catsweeper/result2 200 538 - 0.721 ms
POST /players/start 302 41 - 0.368 ms
GET / 200 2925 - 3.705 ms
GET /players 200 3203 - 0.825 ms
GET /players/1 200 5432 - 0.990 ms
GET /leaderboard 200 4633 - 0.810 ms
GET /catsweeper 200 1130 - 0.449 ms
GET /123run 200 8014 - 0.870 ms
POST /123run/result 200 6929 - 0.786 ms
POST /catsweeper/result2 200 538 - 1.135 ms
POST /players/start 302 41 - 0.431 ms
GET / 200 2925 - 3.773 ms
GET /players 200 3203 - 0.835 ms
GET /players/1 200 5684 - 0.580 ms
GET /leaderboard 200 4633 - 0.681 ms
GET /catsweeper 200 1130 - 0.286 ms
GET /123run 200 8014 - 0.422 ms
POST /123run/result 200 6929 - 0.604 ms
POST /catsweeper/result2 200 538 - 1.179 ms
POST /players/start 302 41 - 0.398 ms
GET / 200 2925 - 3.841 ms
GET /players 200 3203 - 0.840 ms
GET /players/1 200 5936 - 0.935 ms
GET /leaderboard 200 4633 - 0.801 ms
GET /catsweeper 200 1130 - 0.564 ms
GET /123run 200 8014 - 0.586 ms
POST /123run/result 200 6929 - 0.531 ms
POST /catsweeper/result2 200 538 - 0.754 ms
POST /players/start 302 41 - 0.417 ms
GET / 200 2925 - 2.800 ms
GET /players 200 3203 - 0.891 ms
GET /players/1 200 6188 - 0.779 ms
GET /leaderboard 200 4633 - 0.749 ms
GET /catsweeper 200 1130 - 0.452 ms
GET /123run 200 8014 - 0.572 ms
POST /123run/result 200 6929 - 0.571 ms
POST /catsweeper/result2 200 538 - 0.715 ms
POST /players/start 302 41 - 0.379 ms
GET / 200 2925 - 2.719 ms
GET /players 200 3203 - 0.834 ms
GET /players/1 200 6440 - 1.049 ms
GET /leaderboard 200 4633 - 0.830 ms
GET /catsweeper 200 1130 - 0.466 ms
GET /123run 200 8014 - 0.591 ms
POST /123run/result 200 6929 - 0.585 ms
POST /catsweeper/result2 200 538 - 0.746 ms
POST /players/start 302 41 - 0.508 ms
GET / 200 2925 - 1.780 ms
GET /players 200 3203 - 0.593 ms
GET /players/1 200 6692 - 0.552 ms
GET /leaderboard 200 4633 - 0.518 ms
GET /catsweeper 200 1130 - 0.261 ms
GET /123run 200 8014 - 0.376 ms
POST /123run/result 200 6929 - 0.535 ms
POST /catsweeper/result2 200 538 - 1.046 ms
POST /players/start 302 41 - 0.430 ms
GET / 200 2925 - 3.124 ms
GET /players 200 3203 - 0.926 ms
GET /players/1 200 6944 - 1.010 ms
GET /leaderboard 200 4633 - 0.702 ms
GET /catsweeper 200 1130 - 0.526 ms
GET /123run 200 8014 - 0.589 ms
POST /123run/result 200 6929 - 0.576 ms
POST /catsweeper/result2 200 538 - 1.085 ms
POST /players/start 302 41 - 0.390 ms
GET / 200 2925 - 2.342 ms
GET /players 200 3203 - 0.769 ms
GET /players/1 200 7196 - 0.765 ms
GET /leaderboard 200 4633 - 0.802 ms
GET /catsweeper 200 1130 - 0.607 ms
GET /123run 200 8014 - 0.713 ms
POST /123run/result 200 6929 - 0.633 ms
POST /catsweeper/result2 200 538 - 0.702 ms
POST /players/start 302 41 - 0.486 ms
GET / 200 2925 - 2.358 ms
GET /players 200 3203 - 0.873 ms
GET /players/1 200 7448 - 0.823 ms
GET /leaderboard 200 4633 - 0.913 ms
GET /catsweeper 200 1130 - 0.475 ms
GET /123run 200 8014 - 0.700 ms
POST /123run/result 200 6929 - 0.740 ms
POST /catsweeper/result2 200 538 - 0.707 ms
POST /players/start 302 41 - 0.357 ms
GET / 200 2925 - 2.909 ms
GET /players 200 3203 - 0.976 ms
GET /players/1 200 7700 - 0.935 ms
GET /leaderboard 200 4633 - 0.771 ms
GET /catsweeper 200 1130 - 0.448 ms
GET /123run 200 8014 - 0.621 ms
POST /123run/result 200 6929 - 0.457 ms
POST /catsweeper/result2 200 538 - 1.570 ms
POST /players/start 302 41 - 0.421 ms
GET / 200 2925 - 2.735 ms
GET /players 200 3203 - 0.753 ms
GET /players/1 200 7952 - 0.803 ms
GET /leaderboard 200 4633 - 0.753 ms
GET /catsweeper 200 1130 - 0.546 ms
GET /123run 200 8014 - 0.615 ms
POST /123run/result 200 6929 - 0.533 ms
POST /catsweeper/result2 200 538 - 0.679 ms
POST /players/start 302 41 - 0.372 ms
GET / 200 2925 - 3.425 ms
GET /players 200 3203 - 0.790 ms
GET /players/1 200 8204 - 1.242 ms
GET /leaderboard 200 4633 - 1.640 ms
GET /catsweeper 200 1130 - 0.610 ms
GET /123run 200 8014 - 0.892 ms
POST /123run/result 200 6929 - 1.427 ms
POST /catsweeper/result2 200 538 - 1.909 ms
POST /players/start 302 41 - 0.475 ms
GET / 200 2925 - 1.338 ms
GET /apple-touch-icon-precomposed.png 404 171 - 0.539 ms
GET /apple-touch-icon.png 404 159 - 0.113 ms
GET /favicon.ico 404 150 - 0.079 ms
GET / 200 2925 - 2.964 ms
GET /players 200 3203 - 0.813 ms
GET /players/1 200 8456 - 0.830 ms
GET /leaderboard 200 4633 - 0.855 ms
GET /catsweeper 200 1130 - 0.365 ms
GET /123run 200 8014 - 0.506 ms
POST /123run/result 200 6929 - 0.603 ms
POST /catsweeper/result2 200 538 - 0.763 ms
POST /players/start 302 41 - 0.374 ms
GET / 200 2925 - 3.142 ms
GET /players 200 3203 - 0.935 ms
GET /players/1 200 8708 - 0.897 ms
GET /leaderboard 200 4633 - 0.784 ms
GET /catsweeper 200 1130 - 0.446 ms
GET /123run 200 8014 - 0.605 ms
POST /123run/result 200 6929 - 0.963 ms
POST /catsweeper/result2 200 538 - 0.829 ms
POST /players/start 302 41 - 0.383 ms
GET / 200 2925 - 6.377 ms
GET /players 200 3203 - 0.808 ms
GET /players/1 200 8960 - 1.336 ms
GET /leaderboard 200 4633 - 1.173 ms
GET /catsweeper 200 1130 - 0.859 ms
GET /123run 200 8014 - 0.661 ms
POST /123run/result 200 6929 - 0.729 ms
POST /catsweeper/result2 200 538 - 1.020 ms
POST /players/start 302 41 - 0.389 ms
GET / 200 2925 - 3.562 ms
GET /players 200 3203 - 1.714 ms
GET /players/1 200 9212 - 1.237 ms
GET /leaderboard 200 4633 - 1.164 ms
GET /catsweeper 200 1130 - 0.540 ms
GET /123run 200 8014 - 0.907 ms
POST /123run/result 200 6929 - 0.753 ms
POST /catsweeper/result2 200 538 - 0.970 ms
POST /players/start 302 41 - 0.442 ms
GET / 200 2925 - 2.685 ms
GET /players 200 3203 - 0.645 ms
GET /players/1 200 9464 - 0.688 ms
GET /leaderboard 200 4633 - 0.629 ms
GET /catsweeper 200 1130 - 0.238 ms
GET /123run 200 8014 - 0.458 ms
POST /123run/result 200 6929 - 0.611 ms
POST /catsweeper/result2 200 538 - 1.195 ms
POST /players/start 302 41 - 0.410 ms
GET / 200 2925 - 3.023 ms
GET /players 200 3203 - 0.793 ms
GET /players/1 200 9716 - 1.028 ms
GET /leaderboard 200 4633 - 1.208 ms
GET /catsweeper 200 1130 - 0.473 ms
GET /123run 200 8014 - 0.632 ms
POST /123run/result 200 6929 - 0.622 ms
POST /catsweeper/result2 200 538 - 0.967 ms
POST /players/start 302 41 - 0.705 ms
GET / 200 2925 - 2.101 ms
GET /players 200 3203 - 0.801 ms
GET /players/1 200 9968 - 0.623 ms
GET /leaderboard 200 4633 - 0.712 ms
GET /catsweeper 200 1130 - 0.239 ms
GET /123run 200 8014 - 0.393 ms
POST /123run/result 200 6929 - 0.569 ms
POST /catsweeper/result2 200 538 - 1.017 ms
POST /players/start 302 41 - 0.378 ms
GET / 200 2925 - 2.566 ms
GET /players 200 3203 - 0.656 ms
GET /players/1 200 10220 - 0.631 ms
GET /leaderboard 200 4633 - 0.600 ms
GET /catsweeper 200 1130 - 0.295 ms
GET /123run 200 8014 - 0.429 ms
POST /123run/result 200 6929 - 0.800 ms
POST /catsweeper/result2 200 538 - 1.051 ms
POST /players/start 302 41 - 0.378 ms
GET / 200 2925 - 2.499 ms
GET /players 200 3203 - 0.753 ms
GET /players/1 200 10472 - 0.744 ms
GET /leaderboard 200 4633 - 0.647 ms
GET /catsweeper 200 1130 - 0.240 ms
GET /123run 200 8014 - 0.453 ms
POST /123run/result 200 6929 - 0.605 ms
POST /catsweeper/result2 200 538 - 0.799 ms
POST /players/start 302 41 - 0.457 ms
GET / 200 2925 - 14.895 ms
GET /players 200 3203 - 2.172 ms
GET /players/1 200 10724 - 1.348 ms
GET /leaderboard 200 4633 - 1.055 ms
GET /catsweeper 200 1130 - 0.301 ms
GET /123run 200 8014 - 0.423 ms
POST /123run/result 200 6929 - 0.614 ms
POST /catsweeper/result2 200 538 - 1.038 ms
POST /players/start 302 41 - 0.374 ms
GET / 200 2925 - 2.400 ms
GET /players 200 3203 - 0.604 ms
GET /players/1 200 10976 - 0.725 ms
GET /leaderboard 200 4633 - 0.743 ms
GET /catsweeper 200 1130 - 0.279 ms
GET /123run 200 8014 - 0.397 ms
POST /123run/result 200 6929 - 0.624 ms
POST /catsweeper/result2 200 538 - 0.888 ms
POST /players/start 302 41 - 0.539 ms
GET / 200 2925 - 2.307 ms
GET /players 200 3203 - 0.610 ms
GET /players/1 200 11228 - 0.621 ms
GET /leaderboard 200 4633 - 0.750 ms
GET /catsweeper 200 1130 - 0.353 ms
GET /123run 200 8014 - 0.403 ms
POST /123run/result 200 6929 - 0.674 ms
POST /catsweeper/result2 200 538 - 0.747 ms
POST /players/start 302 41 - 0.361 ms
GET / 200 2925 - 3.111 ms
GET /players 200 3203 - 0.784 ms
GET /players/1 200 11480 - 0.903 ms
GET /leaderboard 200 4633 - 0.920 ms
GET /catsweeper 200 1130 - 0.520 ms
GET /123run 200 8014 - 0.700 ms
POST /123run/result 200 6929 - 0.632 ms
POST /catsweeper/result2 200 538 - 0.781 ms
POST /players/start 302 41 - 0.476 ms
GET / 200 2925 - 2.178 ms
GET /players 200 3203 - 0.632 ms
GET /players/1 200 11732 - 0.674 ms
GET /leaderboard 200 4633 - 0.866 ms
GET /catsweeper 200 1130 - 0.289 ms
GET /123run 200 8014 - 0.405 ms
POST /123run/result 200 6929 - 0.594 ms
POST /catsweeper/result2 200 538 - 0.863 ms
POST /players/start 302 41 - 0.403 ms
GET / 200 2925 - 2.251 ms
GET /players 200 3203 - 0.633 ms
GET /players/1 200 11984 - 0.635 ms
GET /leaderboard 200 4633 - 0.571 ms
GET /catsweeper 200 1130 - 0.258 ms
GET /123run 200 8014 - 0.521 ms
POST /123run/result 200 6929 - 0.622 ms
POST /catsweeper/result2 200 538 - 0.859 ms
POST /players/start 302 41 - 0.371 ms
GET / 200 2925 - 2.352 ms
GET /players 200 3203 - 0.689 ms
GET /players/1 200 12236 - 0.634 ms
GET /leaderboard 200 4633 - 0.629 ms
GET /catsweeper 200 1130 - 0.262 ms
GET /123run 200 8014 - 0.395 ms
POST /123run/result 200 6929 - 0.570 ms
POST /catsweeper/result2 200 538 - 1.281 ms
POST /players/start 302 41 - 0.400 ms
GET / 304 - - 3.806 ms
GET / 200 2925 - 2.914 ms
GET /players 200 3203 - 0.930 ms
GET /players/1 200 12488 - 1.267 ms
GET /leaderboard 200 4633 - 0.891 ms
GET /catsweeper 200 1130 - 0.458 ms
GET /123run 200 8014 - 0.557 ms
POST /123run/result 200 6929 - 0.624 ms
POST /catsweeper/result2 200 538 - 0.768 ms
POST /players/start 302 41 - 0.415 ms
GET / 200 2925 - 3.112 ms
GET /players 200 3203 - 0.909 ms
GET /players/1 200 12740 - 0.899 ms
GET /leaderboard 200 4633 - 0.784 ms
GET /catsweeper 200 1130 - 0.443 ms
GET /123run 200 8014 - 0.606 ms
POST /123run/result 200 6929 - 0.675 ms
POST /catsweeper/result2 200 538 - 0.684 ms
POST /players/start 302 41 - 0.390 ms
GET / 200 2925 - 2.401 ms
GET /players 200 3203 - 0.628 ms
GET /players/1 200 12992 - 0.621 ms
GET /leaderboard 200 4633 - 0.723 ms
GET /catsweeper 200 1130 - 0.326 ms
GET /123run 200 8014 - 0.440 ms
POST /123run/result 200 6929 - 0.610 ms
POST /catsweeper/result2 200 538 - 0.963 ms
POST /players/start 302 41 - 0.368 ms
GET / 200 2925 - 2.458 ms
GET /players 200 3203 - 0.620 ms
GET /players/1 200 13244 - 0.773 ms
GET /leaderboard 200 4633 - 0.785 ms
GET /catsweeper 200 1130 - 0.284 ms
GET /123run 200 8014 - 0.435 ms
POST /123run/result 200 6929 - 0.600 ms
POST /catsweeper/result2 200 538 - 1.078 ms
POST /players/start 302 41 - 0.441 ms
GET / 200 2925 - 2.285 ms
GET /players 200 3203 - 0.665 ms
GET /players/1 200 13496 - 0.666 ms
GET /leaderboard 200 4633 - 0.656 ms
GET /catsweeper 200 1130 - 0.272 ms
GET /123run 200 8014 - 0.398 ms
POST /123run/result 200 6929 - 0.650 ms
POST /catsweeper/result2 200 538 - 0.745 ms
POST /players/start 302 41 - 0.366 ms
GET / 200 2925 - 2.216 ms
GET /players 200 3203 - 0.571 ms
GET /players/1 200 13748 - 0.616 ms
GET /leaderboard 200 4633 - 0.667 ms
GET /catsweeper 200 1130 - 0.276 ms
GET /123run 200 8014 - 0.375 ms
POST /123run/result 200 6929 - 0.587 ms
POST /catsweeper/result2 200 538 - 1.118 ms
POST /players/start 302 41 - 0.400 ms
GET / 200 2925 - 2.259 ms
GET /players 200 3203 - 0.629 ms
GET /players/1 200 14000 - 0.790 ms
GET /leaderboard 200 4633 - 0.721 ms
GET /catsweeper 200 1130 - 0.255 ms
GET /123run 200 8014 - 0.416 ms
POST /123run/result 200 6929 - 0.631 ms
POST /catsweeper/result2 200 538 - 1.134 ms
POST /players/start 302 41 - 0.492 ms
GET / 200 2925 - 2.275 ms
GET /players 200 3203 - 0.628 ms
GET /players/1 200 14252 - 0.641 ms
GET /leaderboard 200 4633 - 0.696 ms
GET /catsweeper 200 1130 - 0.245 ms
GET /123run 200 8014 - 0.496 ms
POST /123run/result 200 6929 - 0.683 ms
POST /catsweeper/result2 200 538 - 1.043 ms
POST /players/start 302 41 - 0.426 ms
GET / 304 - - 3.963 ms
POST /players/start 500 23 - 1.079 ms
POST /players/start 302 48 - 4.597 ms
GET /123run?playerId=14 200 8027 - 3.187 ms
POST /123run/result 200 6942 - 4.797 ms
GET / 304 - - 1.783 ms
GET /leaderboard 200 4633 - 4.273 ms
GET /leaderboard?game=123run 200 1824 - 2.633 ms
GET /leaderboard 200 4633 - 2.785 ms
GET /players 200 3372 - 2.289 ms
GET /players/14 200 1916 - 3.677 ms
GET /players 304 - - 2.126 ms
GET /leaderboard 304 - - 2.075 ms
GET /leaderboard 200 4633 - 2.335 ms
GET /leaderboard 200 4633 - 2.491 ms
GET /leaderboard?game=123run 304 - - 2.299 ms
GET /leaderboard?game=minesweeper 200 2468 - 2.488 ms
GET /leaderboard?game=minesweeper 304 - - 1.969 ms
POST /players/start 302 52 - 2.375 ms
GET /catsweeper?playerId=15 200 1137 - 1.974 ms
POST /catsweeper/result2?score=0 200 538 - 3.263 ms
GET / 304 - - 2.028 ms
GET /leaderboard 304 - - 2.362 ms
GET /leaderboard?game=minesweeper 304 - - 1.922 ms
GET /players 200 3534 - 1.387 ms
GET /players/15 200 1907 - 2.119 ms
GET /players 304 - - 1.507 ms
GET /players/14 304 - - 1.441 ms
GET /players 304 - - 1.701 ms
GET /leaderboard 304 - - 2.514 ms
GET / 200 2925 - 2.958 ms
GET /players 200 3534 - 0.691 ms
GET /players/1 200 14504 - 0.931 ms
GET /leaderboard 200 5077 - 2.153 ms
GET /catsweeper 200 1130 - 0.308 ms
GET /123run 200 8014 - 0.511 ms
POST /123run/result 200 6929 - 0.712 ms
POST /catsweeper/result2 200 538 - 1.272 ms
POST /players/start 302 41 - 0.444 ms
GET /leaderboard?game=minesweeper 304 - - 2.339 ms
GET /leaderboard?game=123run 304 - - 1.580 ms
GET /leaderboard?game=minesweeper 304 - - 2.683 ms
GET /players/6 200 1662 - 2.189 ms
GET /players 304 - - 1.357 ms
GET / 200 2925 - 2.239 ms
GET /leaderboard 304 - - 2.572 ms
GET /leaderboard?game=123run 304 - - 3.646 ms
GET /leaderboard?game=minesweeper 304 - - 2.402 ms
GET /players 304 - - 1.695 ms
GET /leaderboard 304 - - 2.589 ms
GET / 200 2925 - 2.212 ms
GET /leaderboard 304 - - 2.326 ms
GET /leaderboard?game=123run 304 - - 2.091 ms
GET /players 304 - - 1.349 ms
GET /players/15 304 - - 1.433 ms
GET / 200 2925 - 6.578 ms
GET /assets/Landy.png 404 155 - 1.014 ms
GET /assets/nora.jpeg 404 155 - 0.223 ms
GET /assets/omi.png 404 153 - 0.071 ms
GET /styles/main.css 404 154 - 0.111 ms
GET /assets/john.png 404 154 - 0.240 ms
GET /assets/tanz.jpg 404 154 - 0.134 ms
POST /players/start 302 52 - 3.304 ms
GET /catsweeper?playerId=16 200 1137 - 1.856 ms
POST /catsweeper/result2?score=0 200 538 - 3.553 ms
GET / 304 - - 1.968 ms
POST /players/start 302 52 - 1.344 ms
GET /catsweeper?playerId=16 200 1137 - 1.399 ms
POST /catsweeper/result2?score=23 200 539 - 2.609 ms
GET / 304 - - 1.744 ms
GET /leaderboard 200 5299 - 3.840 ms
